  display.c
  sim_ws.c
  pdp1_clk.c
  pdp1_cpu.c
  pdp1_dcs.c
  pdp1_dpy.c
  pdp1_drm.c
C:\Users\iansc\source\repos\PDP1-DPY\PDP1\pdp1_dpy.c(46,8): warning C4142: 'dpy_socket': benign redefinition of type
      C:\Users\iansc\source\repos\PDP1-DPY\sim_video.h(203,12):
      see declaration of 'dpy_socket'
  
  pdp1_dt.c
  pdp1_lp.c
  pdp1_stddev.c
  pdp1_sys.c
  scp.c
  sim_console.c
  sim_disk.c
  sim_ether.c
  sim_fio.c
  sim_serial.c
  sim_sock.c
  sim_tape.c
  sim_timer.c
  Generating Code...
  Compiling...
  sim_tmxr.c
  sim_video.c
C:\Users\iansc\source\repos\PDP1-DPY\sim_video.c(318,9): warning C4101: 'colorkey': unreferenced local variable
C:\Users\iansc\source\repos\PDP1-DPY\sim_video.c(317,15): warning C4101: 'cntr': unreferenced local variable
C:\Users\iansc\source\repos\PDP1-DPY\sim_video.c(732,33): warning C4244: '=': conversion from 'float' to 'int32', possible loss of data
C:\Users\iansc\source\repos\PDP1-DPY\sim_video.c(733,33): warning C4244: '=': conversion from 'float' to 'int32', possible loss of data
C:\Users\iansc\source\repos\PDP1-DPY\sim_video.c(743,33): warning C4244: '=': conversion from 'float' to 'int32', possible loss of data
C:\Users\iansc\source\repos\PDP1-DPY\sim_video.c(744,33): warning C4244: '=': conversion from 'float' to 'int32', possible loss of data
C:\Users\iansc\source\repos\PDP1-DPY\sim_video.c(752,33): warning C4244: '=': conversion from 'float' to 'int32', possible loss of data
C:\Users\iansc\source\repos\PDP1-DPY\sim_video.c(753,33): warning C4244: '=': conversion from 'float' to 'int32', possible loss of data
C:\Users\iansc\source\repos\PDP1-DPY\sim_video.c(847,45): warning C4244: 'function': conversion from 'int' to 'float', possible loss of data
C:\Users\iansc\source\repos\PDP1-DPY\sim_video.c(847,54): warning C4244: 'function': conversion from 'int32' to 'float', possible loss of data
  Generating Code...
LINK : warning LNK4098: defaultlib 'LIBCMTD' conflicts with use of other libs; use /NODEFAULTLIB:library
  PDP1.vcxproj -> C:\Users\iansc\source\repos\PDP1-DPY\BIN\NT\Win32-Release\PDP1.exe
