c:\users\iansc\source\repos\pdp1_dpy\bin\nt\project\simh\pdp1\win32-release\vc143.pdb
c:\users\iansc\source\repos\pdp1_dpy\bin\nt\project\simh\pdp1\win32-release\sim_timer.obj
c:\users\iansc\source\repos\pdp1_dpy\bin\nt\project\simh\pdp1\win32-release\sim_tape.obj
c:\users\iansc\source\repos\pdp1_dpy\bin\nt\project\simh\pdp1\win32-release\sim_sock.obj
c:\users\iansc\source\repos\pdp1_dpy\bin\nt\project\simh\pdp1\win32-release\sim_serial.obj
c:\users\iansc\source\repos\pdp1_dpy\bin\nt\project\simh\pdp1\win32-release\sim_fio.obj
c:\users\iansc\source\repos\pdp1_dpy\bin\nt\project\simh\pdp1\win32-release\sim_ether.obj
c:\users\iansc\source\repos\pdp1_dpy\bin\nt\project\simh\pdp1\win32-release\sim_disk.obj
c:\users\iansc\source\repos\pdp1_dpy\bin\nt\project\simh\pdp1\win32-release\sim_console.obj
c:\users\iansc\source\repos\pdp1_dpy\bin\nt\project\simh\pdp1\win32-release\scp.obj
c:\users\iansc\source\repos\pdp1_dpy\bin\nt\project\simh\pdp1\win32-release\pdp1_sys.obj
c:\users\iansc\source\repos\pdp1_dpy\bin\nt\project\simh\pdp1\win32-release\pdp1_stddev.obj
c:\users\iansc\source\repos\pdp1_dpy\bin\nt\project\simh\pdp1\win32-release\pdp1_lp.obj
c:\users\iansc\source\repos\pdp1_dpy\bin\nt\project\simh\pdp1\win32-release\pdp1_dt.obj
c:\users\iansc\source\repos\pdp1_dpy\bin\nt\project\simh\pdp1\win32-release\pdp1_drm.obj
c:\users\iansc\source\repos\pdp1_dpy\bin\nt\project\simh\pdp1\win32-release\pdp1_dpy.obj
c:\users\iansc\source\repos\pdp1_dpy\bin\nt\project\simh\pdp1\win32-release\pdp1_dcs.obj
c:\users\iansc\source\repos\pdp1_dpy\bin\nt\project\simh\pdp1\win32-release\pdp1_cpu.obj
c:\users\iansc\source\repos\pdp1_dpy\bin\nt\project\simh\pdp1\win32-release\pdp1_clk.obj
c:\users\iansc\source\repos\pdp1_dpy\bin\nt\project\simh\pdp1\win32-release\sim_ws.obj
c:\users\iansc\source\repos\pdp1_dpy\bin\nt\project\simh\pdp1\win32-release\display.obj
c:\users\iansc\source\repos\pdp1_dpy\bin\nt\project\simh\pdp1\win32-release\sim_video.obj
c:\users\iansc\source\repos\pdp1_dpy\bin\nt\project\simh\pdp1\win32-release\sim_tmxr.obj
c:\users\iansc\source\repos\pdp1_dpy\bin\nt\win32-release\pdp1.exe
c:\users\iansc\source\repos\pdp1_dpy\bin\nt\project\simh\pdp1\win32-release\pdp1.tlog\cl.command.1.tlog
c:\users\iansc\source\repos\pdp1_dpy\bin\nt\project\simh\pdp1\win32-release\pdp1.tlog\cl.items.tlog
c:\users\iansc\source\repos\pdp1_dpy\bin\nt\project\simh\pdp1\win32-release\pdp1.tlog\cl.read.1.tlog
c:\users\iansc\source\repos\pdp1_dpy\bin\nt\project\simh\pdp1\win32-release\pdp1.tlog\cl.write.1.tlog
c:\users\iansc\source\repos\pdp1_dpy\bin\nt\project\simh\pdp1\win32-release\pdp1.tlog\link.command.1.tlog
c:\users\iansc\source\repos\pdp1_dpy\bin\nt\project\simh\pdp1\win32-release\pdp1.tlog\link.read.1.tlog
c:\users\iansc\source\repos\pdp1_dpy\bin\nt\project\simh\pdp1\win32-release\pdp1.tlog\link.secondary.1.tlog
c:\users\iansc\source\repos\pdp1_dpy\bin\nt\project\simh\pdp1\win32-release\pdp1.tlog\link.write.1.tlog
